<?xml version="1.0" encoding="UTF-8"?>
<!-- Generated by org.testng.reporters.JUnitReportReporter -->
<testsuite hostname="Intelligents-MacBook-Pro.local" failures="0" tests="2" name="gorest.test.UserModuleTest" time="4.451" errors="0" timestamp="2023-05-26T17:44:01 IST" skipped="0">
  <testcase classname="gorest.test.UserModuleTest" name="createUserTest" time="2.848"/>
  <system-out/>
  <testcase classname="gorest.test.UserModuleTest" name="getUserTest" time="1.603"/>
  <system-out/>
</testsuite> <!-- gorest.test.UserModuleTest -->
